<?xml version="1.0" encoding="UTF-8"?>
<!-- Generated by org.testng.reporters.JUnitXMLReporter -->
<testsuite ignored="0" hostname="DESKTOP-QAPNIA9" failures="0" tests="19" name="Default test" time="4.723" errors="0" timestamp="2020-08-27T21:22:29 IST">
  <testcase classname="com.SoftSuave.BustelSpotTest.ApiTesting" name="addDuplicateProject" time="0.169"/>
  <testcase classname="com.SoftSuave.BustelSpotTest.ApiTesting" name="addProject" time="0.156"/>
  <testcase classname="com.SoftSuave.BustelSpotTest.ApiTesting" name="addTask" time="0.14"/>
  <testcase classname="com.SoftSuave.BustelSpotTest.ApiTesting" name="deleteTask" time="0.086"/>
  <testcase classname="com.SoftSuave.BustelSpotTest.ApiTesting" name="editOrganisation" time="0.12"/>
  <testcase classname="com.SoftSuave.BustelSpotTest.ApiTesting" name="editTask" time="0.078"/>
  <testcase classname="com.SoftSuave.BustelSpotTest.ApiTesting" name="getAppActivity" time="0.206"/>
  <testcase classname="com.SoftSuave.BustelSpotTest.ApiTesting" name="getNextDate" time="0.093"/>
  <testcase classname="com.SoftSuave.BustelSpotTest.ApiTesting" name="getProject" time="0.073"/>
  <testcase classname="com.SoftSuave.BustelSpotTest.ApiTesting" name="getUserList" time="0.071"/>
  <testcase classname="com.SoftSuave.BustelSpotTest.ApiTesting" name="inviteMembers" time="0.089"/>
  <testcase classname="com.SoftSuave.BustelSpotTest.ApiTesting" name="inviteMembersFromMembers" time="0.068"/>
  <testcase classname="com.SoftSuave.BustelSpotTest.ApiTesting" name="searchProject" time="0.068"/>
  <testcase classname="com.SoftSuave.BustelSpotTest.ApiTesting" name="viewScreenShoots" time="0.124"/>
  <testcase classname="com.SoftSuave.BustelSpotTest.ApiTesting" name="addOrganisation" time="0.076"/>
  <testcase classname="com.SoftSuave.BustelSpotTest.ApiTesting" name="forgetPassword" time="0.241"/>
  <testcase classname="com.SoftSuave.BustelSpotTest.ApiTesting" name="selectTheDetailsInActivityPage" time="0.293"/>
  <testcase classname="com.SoftSuave.BustelSpotTest.ApiTesting" name="signup" time="0.233"/>
  <testcase classname="com.SoftSuave.BustelSpotTest.ApiTesting" name="viewTheDetailsInActivityPage" time="0.296"/>
</testsuite> <!-- Default test -->
